Using pre-set license
Built from '2020.3/staging' branch; Version is '2020.3.14f1 (d0d1bb862f9d) revision 13685179'; Using compiler version '192528614'; Build Type 'Release'
OS: 'Windows 10 Pro; OS build 19043.1288; Version 2009; 64bit' Language: 'es' Physical Memory: 16238 MB
BatchMode: 1, IsHumanControllingUs: 0, StartBugReporterOnCrash: 0, Is64bit: 1, IsPro: 0

 COMMAND LINE ARGUMENTS:
C:\Program Files\Unity\Hub\Editor\2020.3.14f1\Editor\Unity.exe
-adb2
-batchMode
-noUpm
-name
AssetImportWorker0
-projectPath
C:/Users/Franco/OneDrive/Documents/GitHub/ProyectoFinalCoderHouse
-logFile
Logs/AssetImportWorker0.log
-srvPort
52904
Successfully changed project path to: C:/Users/Franco/OneDrive/Documents/GitHub/ProyectoFinalCoderHouse
C:/Users/Franco/OneDrive/Documents/GitHub/ProyectoFinalCoderHouse
Using Asset Import Pipeline V2.
Refreshing native plugins compatible for Editor in 55.35 ms, found 2 plugins.
Preloading 0 native plugins for Editor in 0.00 ms.
Initialize engine version: 2020.3.14f1 (d0d1bb862f9d)
[Subsystems] Discovering subsystems at path C:/Program Files/Unity/Hub/Editor/2020.3.14f1/Editor/Data/Resources/UnitySubsystems
[Subsystems] Discovering subsystems at path C:/Users/Franco/OneDrive/Documents/GitHub/ProyectoFinalCoderHouse/Assets
GfxDevice: creating device client; threaded=0
Direct3D:
    Version:  Direct3D 11.0 [level 11.1]
    Renderer: Intel(R) UHD Graphics 620 (ID=0x5917)
    Vendor:   
    VRAM:     8119 MB
    Driver:   27.20.100.9749
Initialize mono
Mono path[0] = 'C:/Program Files/Unity/Hub/Editor/2020.3.14f1/Editor/Data/Managed'
Mono path[1] = 'C:/Program Files/Unity/Hub/Editor/2020.3.14f1/Editor/Data/MonoBleedingEdge/lib/mono/unityjit'
Mono config path = 'C:/Program Files/Unity/Hub/Editor/2020.3.14f1/Editor/Data/MonoBleedingEdge/etc'
Using monoOptions --debugger-agent=transport=dt_socket,embedding=1,server=y,suspend=n,address=127.0.0.1:56780
Begin MonoManager ReloadAssembly
Registering precompiled unity dll's ...
Register platform support module: C:/Program Files/Unity/Hub/Editor/2020.3.14f1/Editor/Data/PlaybackEngines/WindowsStandaloneSupport/UnityEditor.WindowsStandalone.Extensions.dll
Registered in 0.002293 seconds.
Native extension for WindowsStandalone target not found
Refreshing native plugins compatible for Editor in 36.70 ms, found 2 plugins.
Preloading 0 native plugins for Editor in 0.00 ms.
Mono: successfully reloaded assembly
- Completed reload, in  3.170 seconds
Domain Reload Profiling:
	ReloadAssembly (3170ms)
		BeginReloadAssembly (68ms)
			ExecutionOrderSort (0ms)
			DisableScriptedObjects (0ms)
			BackupInstance (0ms)
			ReleaseScriptingObjects (0ms)
			CreateAndSetChildDomain (1ms)
		EndReloadAssembly (465ms)
			LoadAssemblies (65ms)
			RebuildTransferFunctionScriptingTraits (0ms)
			SetupTypeCache (173ms)
			ReleaseScriptCaches (0ms)
			RebuildScriptCaches (37ms)
			SetupLoadedEditorAssemblies (177ms)
				LogAssemblyErrors (0ms)
				InitializePlatformSupportModulesInManaged (4ms)
				SetLoadedEditorAssemblies (0ms)
				RefreshPlugins (37ms)
				BeforeProcessingInitializeOnLoad (15ms)
				ProcessInitializeOnLoadAttributes (88ms)
				ProcessInitializeOnLoadMethodAttributes (32ms)
				AfterProcessingInitializeOnLoad (0ms)
				EditorAssembliesLoaded (0ms)
			ExecutionOrderSort2 (0ms)
			AwakeInstancesAfterBackupRestoration (0ms)
Platform modules already initialized, skipping
Registering precompiled user dll's ...
Registered in 0.009352 seconds.
Begin MonoManager ReloadAssembly
Native extension for WindowsStandalone target not found
Refreshing native plugins compatible for Editor in 0.46 ms, found 2 plugins.
Preloading 0 native plugins for Editor in 0.00 ms.
Mono: successfully reloaded assembly
- Completed reload, in  1.203 seconds
Domain Reload Profiling:
	ReloadAssembly (1204ms)
		BeginReloadAssembly (167ms)
			ExecutionOrderSort (0ms)
			DisableScriptedObjects (5ms)
			BackupInstance (0ms)
			ReleaseScriptingObjects (0ms)
			CreateAndSetChildDomain (20ms)
		EndReloadAssembly (965ms)
			LoadAssemblies (106ms)
			RebuildTransferFunctionScriptingTraits (0ms)
			SetupTypeCache (316ms)
			ReleaseScriptCaches (0ms)
			RebuildScriptCaches (58ms)
			SetupLoadedEditorAssemblies (378ms)
				LogAssemblyErrors (0ms)
				InitializePlatformSupportModulesInManaged (5ms)
				SetLoadedEditorAssemblies (0ms)
				RefreshPlugins (1ms)
				BeforeProcessingInitializeOnLoad (105ms)
				ProcessInitializeOnLoadAttributes (253ms)
				ProcessInitializeOnLoadMethodAttributes (5ms)
				AfterProcessingInitializeOnLoad (8ms)
				EditorAssembliesLoaded (0ms)
			ExecutionOrderSort2 (0ms)
			AwakeInstancesAfterBackupRestoration (7ms)
Platform modules already initialized, skipping
========================================================================
Worker process is ready to serve import requests
Launched and connected shader compiler UnityShaderCompiler.exe after 0.07 seconds
Refreshing native plugins compatible for Editor in 0.44 ms, found 2 plugins.
Preloading 0 native plugins for Editor in 0.00 ms.
Unloading 1559 Unused Serialized files (Serialized files now loaded: 0)
System memory in use before: 78.5 MB.
System memory in use after: 78.5 MB.

Unloading 20 unused Assets to reduce memory usage. Loaded Objects now: 2002.
Total: 2.394800 ms (FindLiveObjects: 0.195200 ms CreateObjectMapping: 0.078400 ms MarkObjects: 2.021500 ms  DeleteObjects: 0.098200 ms)

AssetImportParameters requested are different than current active one (requested -> active):
  custom:framework-win-MediaFoundation: 216162199b28c13a410421893ffa2e32 -> 
  custom:video-decoder-ogg-theora: a1e56fd34408186e4bbccfd4996cb3dc -> 
  custom:container-muxer-webm: aa71ff27fc2769a1b78a27578f13a17b -> 
  custom:container-demuxer-webm: 4f35f7cbe854078d1ac9338744f61a02 -> 
  custom:container-demuxer-ogg: 62fdf1f143b41e24485cea50d1cbac27 -> 
  custom:video-encoder-webm-vp8: eb34c28f22e8b96e1ab97ce403110664 -> 
  custom:video-decoder-webm-vp8: 9c59270c3fd7afecdb556c50c9e8de78 -> 
  custom:audio-decoder-ogg-vorbis: bf7c407c2cedff20999df2af8eb42d56 -> 
  custom:audio-encoder-webm-vorbis: bf7c407c2cedff20999df2af8eb42d56 -> 
========================================================================
Received Import Request.
  path: Assets/Materials/New Material.mat
  artifactKey: Guid(295e4bb64d24bd847bfb2e47e705e538) Importer(815301076,1909f56bfc062723c751e8b465ee728b)
Start importing Assets/Materials/New Material.mat using Guid(295e4bb64d24bd847bfb2e47e705e538) Importer(815301076,1909f56bfc062723c751e8b465ee728b)  -> (artifact id: 'a5091ec8dcd3a1d4ff4d5df15dc1e8df') in 0.165750 seconds 
  Import took 0.173437 seconds .

========================================================================
Received Import Request.
  Time since last request: 201.994009 seconds.
  path: Assets/Asset Packs/weaponpack_assets/Sprites/Render/ammo_rocket.png
  artifactKey: Guid(ffd7a216d10294143960c97b4b5ad8f4) Importer(815301076,1909f56bfc062723c751e8b465ee728b)
Start importing Assets/Asset Packs/weaponpack_assets/Sprites/Render/ammo_rocket.png using Guid(ffd7a216d10294143960c97b4b5ad8f4) Importer(815301076,1909f56bfc062723c751e8b465ee728b)  -> (artifact id: '411fab48ca53bf3c274a809745d84ceb') in 0.075471 seconds 
  Import took 0.083865 seconds .

========================================================================
Received Import Request.
  Time since last request: 0.000309 seconds.
  path: Assets/Asset Packs/weaponpack_assets/Sprites/Render/pistolSilencer.png
  artifactKey: Guid(67fdbbde751adcd49b3500d7aff7d409) Importer(815301076,1909f56bfc062723c751e8b465ee728b)
Start importing Assets/Asset Packs/weaponpack_assets/Sprites/Render/pistolSilencer.png using Guid(67fdbbde751adcd49b3500d7aff7d409) Importer(815301076,1909f56bfc062723c751e8b465ee728b)  -> (artifact id: '3fe82329c3d2a85c31e32a3e7c95e0ce') in 0.024005 seconds 
  Import took 0.032241 seconds .

========================================================================
Received Import Request.
  Time since last request: 0.000350 seconds.
  path: Assets/Asset Packs/weaponpack_assets/Sprites/Render/sniper.png
  artifactKey: Guid(cf82bcd575d0b9740b87a6b89ce64647) Importer(815301076,1909f56bfc062723c751e8b465ee728b)
Start importing Assets/Asset Packs/weaponpack_assets/Sprites/Render/sniper.png using Guid(cf82bcd575d0b9740b87a6b89ce64647) Importer(815301076,1909f56bfc062723c751e8b465ee728b)  -> (artifact id: 'b53be099ed1b339fd387e9849d1f753e') in 0.020060 seconds 
  Import took 0.027589 seconds .

========================================================================
Received Import Request.
  Time since last request: 0.000264 seconds.
  path: Assets/Asset Packs/weaponpack_assets/Sprites/Render/ammo_rocketModern.png
  artifactKey: Guid(bb66a6947702b764590a92b47de59779) Importer(815301076,1909f56bfc062723c751e8b465ee728b)
Start importing Assets/Asset Packs/weaponpack_assets/Sprites/Render/ammo_rocketModern.png using Guid(bb66a6947702b764590a92b47de59779) Importer(815301076,1909f56bfc062723c751e8b465ee728b)  -> (artifact id: '02f2e77441d6c14075317df3d285470c') in 0.027521 seconds 
  Import took 0.034000 seconds .

========================================================================
Received Import Request.
  Time since last request: 0.000317 seconds.
  path: Assets/Asset Packs/weaponpack_assets/Sprites/Render/knife_sharp.png
  artifactKey: Guid(0d0ce8379c7fe52428c59189e7411204) Importer(815301076,1909f56bfc062723c751e8b465ee728b)
Start importing Assets/Asset Packs/weaponpack_assets/Sprites/Render/knife_sharp.png using Guid(0d0ce8379c7fe52428c59189e7411204) Importer(815301076,1909f56bfc062723c751e8b465ee728b)  -> (artifact id: '1b7007c42e2f49417e12af95b2ec7ce5') in 0.025877 seconds 
  Import took 0.033751 seconds .

========================================================================
Received Import Request.
  Time since last request: 0.000308 seconds.
  path: Assets/Asset Packs/weaponpack_assets/Sprites/Render/uziLong.png
  artifactKey: Guid(6952494a25a707b4b9c457e17b286afa) Importer(815301076,1909f56bfc062723c751e8b465ee728b)
Start importing Assets/Asset Packs/weaponpack_assets/Sprites/Render/uziLong.png using Guid(6952494a25a707b4b9c457e17b286afa) Importer(815301076,1909f56bfc062723c751e8b465ee728b)  -> (artifact id: 'a0824875b7ffa60dd70d300a0b4ba21e') in 0.027136 seconds 
  Import took 0.033921 seconds .

========================================================================
Received Import Request.
  Time since last request: 0.000277 seconds.
  path: Assets/Asset Packs/weaponpack_assets/Sprites/Render/ammo_rocket.png
  artifactKey: Guid(ffd7a216d10294143960c97b4b5ad8f4) Importer(815301076,1909f56bfc062723c751e8b465ee728b)
Start importing Assets/Asset Packs/weaponpack_assets/Sprites/Render/ammo_rocket.png using Guid(ffd7a216d10294143960c97b4b5ad8f4) Importer(815301076,1909f56bfc062723c751e8b465ee728b)  -> (artifact id: '411fab48ca53bf3c274a809745d84ceb') in 0.015493 seconds 
  Import took 0.021488 seconds .

========================================================================
Received Import Request.
  Time since last request: 0.000282 seconds.
  path: Assets/Asset Packs/weaponpack_assets/Sprites/Render/knifeRound_sharp.png
  artifactKey: Guid(b5007ee90dfabeb40ae8bdfd4f5d65b9) Importer(815301076,1909f56bfc062723c751e8b465ee728b)
Start importing Assets/Asset Packs/weaponpack_assets/Sprites/Render/knifeRound_sharp.png using Guid(b5007ee90dfabeb40ae8bdfd4f5d65b9) Importer(815301076,1909f56bfc062723c751e8b465ee728b)  -> (artifact id: 'ccc3e719b53ac2ea4205fb79c575025b') in 0.017970 seconds 
  Import took 0.025988 seconds .

========================================================================
Received Import Request.
  Time since last request: 0.000261 seconds.
  path: Assets/Asset Packs/weaponpack_assets/Sprites/Render/grenade.png
  artifactKey: Guid(d7e15ae826e6452468006ee4bd8cc6b6) Importer(815301076,1909f56bfc062723c751e8b465ee728b)
Start importing Assets/Asset Packs/weaponpack_assets/Sprites/Render/grenade.png using Guid(d7e15ae826e6452468006ee4bd8cc6b6) Importer(815301076,1909f56bfc062723c751e8b465ee728b)  -> (artifact id: '2560c2c532fcf98260eaf6ac76966a68') in 0.016397 seconds 
  Import took 0.022429 seconds .

========================================================================
Received Import Request.
  Time since last request: 0.000240 seconds.
  path: Assets/Asset Packs/weaponpack_assets/Sprites/Render/knifeRound_smooth.png
  artifactKey: Guid(47da6dc925a77044d90de3fb034ec0da) Importer(815301076,1909f56bfc062723c751e8b465ee728b)
Start importing Assets/Asset Packs/weaponpack_assets/Sprites/Render/knifeRound_smooth.png using Guid(47da6dc925a77044d90de3fb034ec0da) Importer(815301076,1909f56bfc062723c751e8b465ee728b)  -> (artifact id: '3856b1f1c78d340a9aec6f97d180fc82') in 0.029106 seconds 
  Import took 0.036371 seconds .

========================================================================
Received Import Request.
  Time since last request: 0.000352 seconds.
  path: Assets/Asset Packs/weaponpack_assets/Sprites/Render/shotgunShort.png
  artifactKey: Guid(aa8ad92735c7ad249a7c240c4f26e7b8) Importer(815301076,1909f56bfc062723c751e8b465ee728b)
Start importing Assets/Asset Packs/weaponpack_assets/Sprites/Render/shotgunShort.png using Guid(aa8ad92735c7ad249a7c240c4f26e7b8) Importer(815301076,1909f56bfc062723c751e8b465ee728b)  -> (artifact id: '144116ea1d87df141aa5830c47f18600') in 0.022267 seconds 
  Import took 0.028290 seconds .

========================================================================
Received Import Request.
  Time since last request: 0.000233 seconds.
  path: Assets/Asset Packs/weaponpack_assets/Sprites/Render/uziSilencer.png
  artifactKey: Guid(41d9eb3e6b256e042a9405bd2a02c89e) Importer(815301076,1909f56bfc062723c751e8b465ee728b)
Start importing Assets/Asset Packs/weaponpack_assets/Sprites/Render/uziSilencer.png using Guid(41d9eb3e6b256e042a9405bd2a02c89e) Importer(815301076,1909f56bfc062723c751e8b465ee728b)  -> (artifact id: 'd2f715075ccde5cea1bc3225f6fd4509') in 0.030464 seconds 
  Import took 0.037254 seconds .

========================================================================
Received Import Request.
  Time since last request: 0.000310 seconds.
  path: Assets/Asset Packs/weaponpack_assets/Sprites/Render/machinegunLauncher.png
  artifactKey: Guid(6e0c5a5f60f8f5045b241876c5a77586) Importer(815301076,1909f56bfc062723c751e8b465ee728b)
Start importing Assets/Asset Packs/weaponpack_assets/Sprites/Render/machinegunLauncher.png using Guid(6e0c5a5f60f8f5045b241876c5a77586) Importer(815301076,1909f56bfc062723c751e8b465ee728b)  -> (artifact id: '369af287aaa19ea4c54ebca7f0a5a402') in 0.020595 seconds 
  Import took 0.026739 seconds .

========================================================================
Received Import Request.
  Time since last request: 0.000360 seconds.
  path: Assets/Asset Packs/weaponpack_assets/Sprites/Render/flamethrower_long.png
  artifactKey: Guid(99e8e8bb0a24c1c4e9186a878353cf15) Importer(815301076,1909f56bfc062723c751e8b465ee728b)
Start importing Assets/Asset Packs/weaponpack_assets/Sprites/Render/flamethrower_long.png using Guid(99e8e8bb0a24c1c4e9186a878353cf15) Importer(815301076,1909f56bfc062723c751e8b465ee728b)  -> (artifact id: 'ecd4c29bd09d3e514e2b41a09ca450fc') in 0.027676 seconds 
  Import took 0.034174 seconds .

========================================================================
Received Import Request.
  Time since last request: 0.000293 seconds.
  path: Assets/Asset Packs/weaponpack_assets/Sprites/Render/ammo_uzi.png
  artifactKey: Guid(9de9c70fd2766ea4ea09d9fd1c1ddd4a) Importer(815301076,1909f56bfc062723c751e8b465ee728b)
Start importing Assets/Asset Packs/weaponpack_assets/Sprites/Render/ammo_uzi.png using Guid(9de9c70fd2766ea4ea09d9fd1c1ddd4a) Importer(815301076,1909f56bfc062723c751e8b465ee728b)  -> (artifact id: '591ea10d8f38c4622e30d35b8723bda4') in 0.024589 seconds 
  Import took 0.030516 seconds .

========================================================================
Received Import Request.
  Time since last request: 0.000269 seconds.
  path: Assets/Asset Packs/weaponpack_assets/Sprites/Render/grenadeSmoke.png
  artifactKey: Guid(14d84f3bf21bd6b46a7e64e5f2d35c66) Importer(815301076,1909f56bfc062723c751e8b465ee728b)
Start importing Assets/Asset Packs/weaponpack_assets/Sprites/Render/grenadeSmoke.png using Guid(14d84f3bf21bd6b46a7e64e5f2d35c66) Importer(815301076,1909f56bfc062723c751e8b465ee728b)  -> (artifact id: 'c1f44bb9dd5ce36f4a5b11023b2f53e3') in 0.027455 seconds 
  Import took 0.033712 seconds .

========================================================================
Received Import Request.
  Time since last request: 0.000284 seconds.
  path: Assets/Asset Packs/weaponpack_assets/Sprites/Render/uzi.png
  artifactKey: Guid(bcd8f25cefb50004785719b0aebfdbac) Importer(815301076,1909f56bfc062723c751e8b465ee728b)
Start importing Assets/Asset Packs/weaponpack_assets/Sprites/Render/uzi.png using Guid(bcd8f25cefb50004785719b0aebfdbac) Importer(815301076,1909f56bfc062723c751e8b465ee728b)  -> (artifact id: '3651433a5c648f294b3b0a884b0be378') in 0.022692 seconds 
  Import took 0.029666 seconds .

========================================================================
Received Import Request.
  Time since last request: 0.000261 seconds.
  path: Assets/Asset Packs/weaponpack_assets/Sprites/Render/uziLongSilencer.png
  artifactKey: Guid(32690ac53523b9542b1c8b2904cd2977) Importer(815301076,1909f56bfc062723c751e8b465ee728b)
Start importing Assets/Asset Packs/weaponpack_assets/Sprites/Render/uziLongSilencer.png using Guid(32690ac53523b9542b1c8b2904cd2977) Importer(815301076,1909f56bfc062723c751e8b465ee728b)  -> (artifact id: '93d1d093ebb8d5012535b8d9f1d12d7b') in 0.025880 seconds 
  Import took 0.032560 seconds .

========================================================================
Received Import Request.
  Time since last request: 0.000304 seconds.
  path: Assets/Asset Packs/weaponpack_assets/Sprites/Render/knife_smooth.png
  artifactKey: Guid(6f53535b2c529314ea400d893f4a2d33) Importer(815301076,1909f56bfc062723c751e8b465ee728b)
Start importing Assets/Asset Packs/weaponpack_assets/Sprites/Render/knife_smooth.png using Guid(6f53535b2c529314ea400d893f4a2d33) Importer(815301076,1909f56bfc062723c751e8b465ee728b)  -> (artifact id: 'd97eb16aeb7da58e2b44e05eee9db6ce') in 0.018585 seconds 
  Import took 0.025050 seconds .

========================================================================
Received Import Request.
  Time since last request: 0.000210 seconds.
  path: Assets/Asset Packs/weaponpack_assets/Sprites/Render/ammo_sniper.png
  artifactKey: Guid(c49f1024bb05b5f47bdb8847f2b0adec) Importer(815301076,1909f56bfc062723c751e8b465ee728b)
Start importing Assets/Asset Packs/weaponpack_assets/Sprites/Render/ammo_sniper.png using Guid(c49f1024bb05b5f47bdb8847f2b0adec) Importer(815301076,1909f56bfc062723c751e8b465ee728b)  -> (artifact id: '9261fa6fdd6f4342e6194a1e037c9d92') in 0.030264 seconds 
  Import took 0.040598 seconds .

========================================================================
Received Import Request.
  Time since last request: 0.000343 seconds.
  path: Assets/Asset Packs/weaponpack_assets/Sprites/Render/machinegun.png
  artifactKey: Guid(6fb63eaba03e01c4fb44693dc9341df1) Importer(815301076,1909f56bfc062723c751e8b465ee728b)
Start importing Assets/Asset Packs/weaponpack_assets/Sprites/Render/machinegun.png using Guid(6fb63eaba03e01c4fb44693dc9341df1) Importer(815301076,1909f56bfc062723c751e8b465ee728b)  -> (artifact id: '61850cc62b0c6bebc2b0a77fa4ba6216') in 0.032470 seconds 
  Import took 0.041044 seconds .

========================================================================
Received Import Request.
  Time since last request: 0.000368 seconds.
  path: Assets/Asset Packs/weaponpack_assets/Sprites/Render/rocketlauncher.png
  artifactKey: Guid(caa55c42907b18043b37de5dc0269a7b) Importer(815301076,1909f56bfc062723c751e8b465ee728b)
Start importing Assets/Asset Packs/weaponpack_assets/Sprites/Render/rocketlauncher.png using Guid(caa55c42907b18043b37de5dc0269a7b) Importer(815301076,1909f56bfc062723c751e8b465ee728b)  -> (artifact id: '8f079e0a1461632e021586269c41d9ec') in 0.025894 seconds 
  Import took 0.032688 seconds .

========================================================================
Received Import Request.
  Time since last request: 0.000279 seconds.
  path: Assets/Asset Packs/weaponpack_assets/Sprites/Render/pistol.png
  artifactKey: Guid(c28a708ef64616b4a85926b7cd631b3f) Importer(815301076,1909f56bfc062723c751e8b465ee728b)
Start importing Assets/Asset Packs/weaponpack_assets/Sprites/Render/pistol.png using Guid(c28a708ef64616b4a85926b7cd631b3f) Importer(815301076,1909f56bfc062723c751e8b465ee728b)  -> (artifact id: '2b3eb944d8cec6c0672fea922079667b') in 0.032469 seconds 
  Import took 0.041508 seconds .

========================================================================
Received Import Request.
  Time since last request: 0.000316 seconds.
  path: Assets/Asset Packs/weaponpack_assets/Sprites/Render/grenadeFlash.png
  artifactKey: Guid(65744c17b6dfbf645a5285136c4a2d3c) Importer(815301076,1909f56bfc062723c751e8b465ee728b)
Start importing Assets/Asset Packs/weaponpack_assets/Sprites/Render/grenadeFlash.png using Guid(65744c17b6dfbf645a5285136c4a2d3c) Importer(815301076,1909f56bfc062723c751e8b465ee728b)  -> (artifact id: 'b79a34fe6e08ad76290e96f4583c1175') in 0.022117 seconds 
  Import took 0.029161 seconds .

========================================================================
Received Import Request.
  Time since last request: 0.000248 seconds.
  path: Assets/Asset Packs/weaponpack_assets/Sprites/Render/rocketlauncherModern.png
  artifactKey: Guid(49bf85227f65312449106f2893e695ff) Importer(815301076,1909f56bfc062723c751e8b465ee728b)
Start importing Assets/Asset Packs/weaponpack_assets/Sprites/Render/rocketlauncherModern.png using Guid(49bf85227f65312449106f2893e695ff) Importer(815301076,1909f56bfc062723c751e8b465ee728b)  -> (artifact id: '4aa7f26fcc0be20cd2f00188b9eab5b5') in 0.028068 seconds 
  Import took 0.035080 seconds .

========================================================================
Received Import Request.
  Time since last request: 0.000273 seconds.
  path: Assets/Asset Packs/weaponpack_assets/Sprites/Render/shotgun.png
  artifactKey: Guid(478c671acf4503f47b62fd1ca8ac8950) Importer(815301076,1909f56bfc062723c751e8b465ee728b)
Start importing Assets/Asset Packs/weaponpack_assets/Sprites/Render/shotgun.png using Guid(478c671acf4503f47b62fd1ca8ac8950) Importer(815301076,1909f56bfc062723c751e8b465ee728b)  -> (artifact id: '27be8a06908390720145bd38a918752a') in 0.026586 seconds 
  Import took 0.034200 seconds .

========================================================================
Received Import Request.
  Time since last request: 0.000262 seconds.
  path: Assets/Asset Packs/weaponpack_assets/Sprites/Render/ammo_shotgun.png
  artifactKey: Guid(c59359ca226b20c4f910cc204f293808) Importer(815301076,1909f56bfc062723c751e8b465ee728b)
Start importing Assets/Asset Packs/weaponpack_assets/Sprites/Render/ammo_shotgun.png using Guid(c59359ca226b20c4f910cc204f293808) Importer(815301076,1909f56bfc062723c751e8b465ee728b)  -> (artifact id: '50e1ecd4f449d43f16d001ca6d5c8324') in 0.025846 seconds 
  Import took 0.032316 seconds .

========================================================================
Received Import Request.
  Time since last request: 0.000354 seconds.
  path: Assets/Asset Packs/weaponpack_assets/Sprites/Render/flamethrower_short.png
  artifactKey: Guid(1ff4a88e0efdd5d4c99ad51be1fb9f1e) Importer(815301076,1909f56bfc062723c751e8b465ee728b)
Start importing Assets/Asset Packs/weaponpack_assets/Sprites/Render/flamethrower_short.png using Guid(1ff4a88e0efdd5d4c99ad51be1fb9f1e) Importer(815301076,1909f56bfc062723c751e8b465ee728b)  -> (artifact id: 'fccde5392cc0d65d7a2f8ac5b1df2e14') in 0.030551 seconds 
  Import took 0.038240 seconds .

========================================================================
Received Import Request.
  Time since last request: 0.000329 seconds.
  path: Assets/Asset Packs/weaponpack_assets/Sprites/Render/grenadeVintage.png
  artifactKey: Guid(565e1903a5d0b7848ae83f23ab1107f2) Importer(815301076,1909f56bfc062723c751e8b465ee728b)
Start importing Assets/Asset Packs/weaponpack_assets/Sprites/Render/grenadeVintage.png using Guid(565e1903a5d0b7848ae83f23ab1107f2) Importer(815301076,1909f56bfc062723c751e8b465ee728b)  -> (artifact id: '12a572237f8f789c5e6f5d2cc8cf1621') in 0.024745 seconds 
  Import took 0.031277 seconds .

========================================================================
Received Import Request.
  Time since last request: 64.395221 seconds.
  path: Assets/Asset Packs/Flat Textures Pack/Textures/Cave_Magma.png
  artifactKey: Guid(d028d237290dff545b1ac2636948f0a0) Importer(815301076,1909f56bfc062723c751e8b465ee728b)
Start importing Assets/Asset Packs/Flat Textures Pack/Textures/Cave_Magma.png using Guid(d028d237290dff545b1ac2636948f0a0) Importer(815301076,1909f56bfc062723c751e8b465ee728b)  -> (artifact id: '0fdcd274c2d5ae320ccc21c591081a72') in 0.063101 seconds 
  Import took 0.078726 seconds .

========================================================================
Received Import Request.
  Time since last request: 159.029456 seconds.
  path: Assets/Materials/New Material.mat
  artifactKey: Guid(295e4bb64d24bd847bfb2e47e705e538) Importer(815301076,1909f56bfc062723c751e8b465ee728b)
Start importing Assets/Materials/New Material.mat using Guid(295e4bb64d24bd847bfb2e47e705e538) Importer(815301076,1909f56bfc062723c751e8b465ee728b)  -> (artifact id: '52951f604696e3f09de6beb7bbbb6802') in 0.027919 seconds 
  Import took 0.034141 seconds .

========================================================================
Received Import Request.
  Time since last request: 42.728275 seconds.
  path: Assets/Materials/Transparent.mat
  artifactKey: Guid(295e4bb64d24bd847bfb2e47e705e538) Importer(815301076,1909f56bfc062723c751e8b465ee728b)
Start importing Assets/Materials/Transparent.mat using Guid(295e4bb64d24bd847bfb2e47e705e538) Importer(815301076,1909f56bfc062723c751e8b465ee728b)  -> (artifact id: '543b8f394f2d073a03a4d9808a90c9d1') in 0.028554 seconds 
  Import took 0.032907 seconds .

========================================================================
Received Import Request.
  Time since last request: 4.628767 seconds.
  path: Assets/Materials/Transparent1.mat
  artifactKey: Guid(295e4bb64d24bd847bfb2e47e705e538) Importer(815301076,1909f56bfc062723c751e8b465ee728b)
Start importing Assets/Materials/Transparent1.mat using Guid(295e4bb64d24bd847bfb2e47e705e538) Importer(815301076,1909f56bfc062723c751e8b465ee728b)  -> (artifact id: '6c0d3e080880bd4c7499e19823ee1d0c') in 0.031870 seconds 
  Import took 0.036415 seconds .

========================================================================
Received Import Request.
  Time since last request: 27.524774 seconds.
  path: Assets/Materials/New Material.mat
  artifactKey: Guid(0a8efed58b6070946bb83fc80b23fa28) Importer(815301076,1909f56bfc062723c751e8b465ee728b)
Start importing Assets/Materials/New Material.mat using Guid(0a8efed58b6070946bb83fc80b23fa28) Importer(815301076,1909f56bfc062723c751e8b465ee728b)  -> (artifact id: 'f696f447acdad6a19b31426651bd4ecb') in 0.033776 seconds 
  Import took 0.039103 seconds .

========================================================================
Received Import Request.
  Time since last request: 125.624592 seconds.
  path: Assets/Materials/Transparent2.mat
  artifactKey: Guid(0a8efed58b6070946bb83fc80b23fa28) Importer(815301076,1909f56bfc062723c751e8b465ee728b)
Start importing Assets/Materials/Transparent2.mat using Guid(0a8efed58b6070946bb83fc80b23fa28) Importer(815301076,1909f56bfc062723c751e8b465ee728b)  -> (artifact id: 'eeeb2da06cc52fe76a857c6ce281b964') in 0.036676 seconds 
  Import took 0.042784 seconds .

========================================================================
Received Prepare
Registering precompiled user dll's ...
Registered in 0.007863 seconds.
Begin MonoManager ReloadAssembly
Native extension for WindowsStandalone target not found
Refreshing native plugins compatible for Editor in 0.47 ms, found 2 plugins.
Preloading 0 native plugins for Editor in 0.00 ms.
Mono: successfully reloaded assembly
- Completed reload, in  1.212 seconds
Domain Reload Profiling:
	ReloadAssembly (1213ms)
		BeginReloadAssembly (141ms)
			ExecutionOrderSort (0ms)
			DisableScriptedObjects (5ms)
			BackupInstance (0ms)
			ReleaseScriptingObjects (0ms)
			CreateAndSetChildDomain (38ms)
		EndReloadAssembly (989ms)
			LoadAssemblies (110ms)
			RebuildTransferFunctionScriptingTraits (0ms)
			SetupTypeCache (324ms)
			ReleaseScriptCaches (1ms)
			RebuildScriptCaches (54ms)
			SetupLoadedEditorAssemblies (378ms)
				LogAssemblyErrors (0ms)
				InitializePlatformSupportModulesInManaged (6ms)
				SetLoadedEditorAssemblies (1ms)
				RefreshPlugins (1ms)
				BeforeProcessingInitializeOnLoad (108ms)
				ProcessInitializeOnLoadAttributes (248ms)
				ProcessInitializeOnLoadMethodAttributes (5ms)
				AfterProcessingInitializeOnLoad (9ms)
				EditorAssembliesLoaded (0ms)
			ExecutionOrderSort2 (0ms)
			AwakeInstancesAfterBackupRestoration (8ms)
Platform modules already initialized, skipping
Refreshing native plugins compatible for Editor in 0.39 ms, found 2 plugins.
Preloading 0 native plugins for Editor in 0.00 ms.
Unloading 1548 Unused Serialized files (Serialized files now loaded: 0)
System memory in use before: 81.3 MB.
System memory in use after: 81.4 MB.

Unloading 15 unused Assets to reduce memory usage. Loaded Objects now: 2056.
Total: 3.863300 ms (FindLiveObjects: 0.630400 ms CreateObjectMapping: 0.202300 ms MarkObjects: 2.938500 ms  DeleteObjects: 0.090100 ms)

AssetImportParameters requested are different than current active one (requested -> active):
  custom:framework-win-MediaFoundation: 216162199b28c13a410421893ffa2e32 -> 
  custom:video-decoder-ogg-theora: a1e56fd34408186e4bbccfd4996cb3dc -> 
  custom:container-muxer-webm: aa71ff27fc2769a1b78a27578f13a17b -> 
  custom:container-demuxer-webm: 4f35f7cbe854078d1ac9338744f61a02 -> 
  custom:container-demuxer-ogg: 62fdf1f143b41e24485cea50d1cbac27 -> 
  custom:video-encoder-webm-vp8: eb34c28f22e8b96e1ab97ce403110664 -> 
  custom:video-decoder-webm-vp8: 9c59270c3fd7afecdb556c50c9e8de78 -> 
  custom:audio-decoder-ogg-vorbis: bf7c407c2cedff20999df2af8eb42d56 -> 
  custom:audio-encoder-webm-vorbis: bf7c407c2cedff20999df2af8eb42d56 -> 
========================================================================
Received Import Request.
  Time since last request: 141.969305 seconds.
  path: Assets/Materials/Opaque1.mat
  artifactKey: Guid(9b2f52c8f55bcec45822da1c4f88debf) Importer(815301076,1909f56bfc062723c751e8b465ee728b)
Start importing Assets/Materials/Opaque1.mat using Guid(9b2f52c8f55bcec45822da1c4f88debf) Importer(815301076,1909f56bfc062723c751e8b465ee728b)  -> (artifact id: 'bbc1e258c311d9c38838ddc59c666805') in 0.085422 seconds 
  Import took 0.090942 seconds .

========================================================================
Received Prepare
Registering precompiled user dll's ...
Registered in 0.006821 seconds.
Begin MonoManager ReloadAssembly
Native extension for WindowsStandalone target not found
Refreshing native plugins compatible for Editor in 0.47 ms, found 2 plugins.
Preloading 0 native plugins for Editor in 0.00 ms.
Mono: successfully reloaded assembly
- Completed reload, in  1.286 seconds
Domain Reload Profiling:
	ReloadAssembly (1287ms)
		BeginReloadAssembly (128ms)
			ExecutionOrderSort (0ms)
			DisableScriptedObjects (4ms)
			BackupInstance (0ms)
			ReleaseScriptingObjects (0ms)
			CreateAndSetChildDomain (36ms)
		EndReloadAssembly (1080ms)
			LoadAssemblies (113ms)
			RebuildTransferFunctionScriptingTraits (0ms)
			SetupTypeCache (359ms)
			ReleaseScriptCaches (1ms)
			RebuildScriptCaches (49ms)
			SetupLoadedEditorAssemblies (425ms)
				LogAssemblyErrors (0ms)
				InitializePlatformSupportModulesInManaged (7ms)
				SetLoadedEditorAssemblies (1ms)
				RefreshPlugins (1ms)
				BeforeProcessingInitializeOnLoad (113ms)
				ProcessInitializeOnLoadAttributes (289ms)
				ProcessInitializeOnLoadMethodAttributes (5ms)
				AfterProcessingInitializeOnLoad (10ms)
				EditorAssembliesLoaded (0ms)
			ExecutionOrderSort2 (0ms)
			AwakeInstancesAfterBackupRestoration (8ms)
Platform modules already initialized, skipping
Refreshing native plugins compatible for Editor in 0.50 ms, found 2 plugins.
Preloading 0 native plugins for Editor in 0.00 ms.
Unloading 1548 Unused Serialized files (Serialized files now loaded: 0)
System memory in use before: 81.3 MB.
System memory in use after: 81.4 MB.

Unloading 15 unused Assets to reduce memory usage. Loaded Objects now: 2060.
Total: 2.764600 ms (FindLiveObjects: 0.199000 ms CreateObjectMapping: 0.055700 ms MarkObjects: 2.443000 ms  DeleteObjects: 0.065800 ms)

AssetImportParameters requested are different than current active one (requested -> active):
  custom:framework-win-MediaFoundation: 216162199b28c13a410421893ffa2e32 -> 
  custom:video-decoder-ogg-theora: a1e56fd34408186e4bbccfd4996cb3dc -> 
  custom:container-muxer-webm: aa71ff27fc2769a1b78a27578f13a17b -> 
  custom:container-demuxer-webm: 4f35f7cbe854078d1ac9338744f61a02 -> 
  custom:container-demuxer-ogg: 62fdf1f143b41e24485cea50d1cbac27 -> 
  custom:video-encoder-webm-vp8: eb34c28f22e8b96e1ab97ce403110664 -> 
  custom:video-decoder-webm-vp8: 9c59270c3fd7afecdb556c50c9e8de78 -> 
  custom:audio-decoder-ogg-vorbis: bf7c407c2cedff20999df2af8eb42d56 -> 
  custom:audio-encoder-webm-vorbis: bf7c407c2cedff20999df2af8eb42d56 -> 
========================================================================
Received Import Request.
  Time since last request: 255.996043 seconds.
  path: Assets/Materials/Opaque1.mat
  artifactKey: Guid(9b2f52c8f55bcec45822da1c4f88debf) Importer(815301076,1909f56bfc062723c751e8b465ee728b)
Start importing Assets/Materials/Opaque1.mat using Guid(9b2f52c8f55bcec45822da1c4f88debf) Importer(815301076,1909f56bfc062723c751e8b465ee728b)  -> (artifact id: 'b871a76d906ffbaac7ad5265f25c215e') in 0.086466 seconds 
  Import took 0.092525 seconds .

========================================================================
Received Import Request.
  Time since last request: 11.749839 seconds.
  path: Assets/Materials/Opaque2.mat
  artifactKey: Guid(ab7cce6b5686c6249a6b28618aa59f2d) Importer(815301076,1909f56bfc062723c751e8b465ee728b)
Start importing Assets/Materials/Opaque2.mat using Guid(ab7cce6b5686c6249a6b28618aa59f2d) Importer(815301076,1909f56bfc062723c751e8b465ee728b)  -> (artifact id: '529c47dd2df333f627222f12aa0f84e7') in 0.023020 seconds 
  Import took 0.030175 seconds .

========================================================================
Received Prepare
Registering precompiled user dll's ...
Registered in 0.008778 seconds.
Begin MonoManager ReloadAssembly
Native extension for WindowsStandalone target not found
Refreshing native plugins compatible for Editor in 0.77 ms, found 2 plugins.
Preloading 0 native plugins for Editor in 0.00 ms.
Mono: successfully reloaded assembly
- Completed reload, in  1.265 seconds
Domain Reload Profiling:
	ReloadAssembly (1266ms)
		BeginReloadAssembly (116ms)
			ExecutionOrderSort (0ms)
			DisableScriptedObjects (5ms)
			BackupInstance (0ms)
			ReleaseScriptingObjects (0ms)
			CreateAndSetChildDomain (33ms)
		EndReloadAssembly (1073ms)
			LoadAssemblies (107ms)
			RebuildTransferFunctionScriptingTraits (0ms)
			SetupTypeCache (346ms)
			ReleaseScriptCaches (1ms)
			RebuildScriptCaches (58ms)
			SetupLoadedEditorAssemblies (410ms)
				LogAssemblyErrors (0ms)
				InitializePlatformSupportModulesInManaged (10ms)
				SetLoadedEditorAssemblies (1ms)
				RefreshPlugins (1ms)
				BeforeProcessingInitializeOnLoad (112ms)
				ProcessInitializeOnLoadAttributes (271ms)
				ProcessInitializeOnLoadMethodAttributes (6ms)
				AfterProcessingInitializeOnLoad (9ms)
				EditorAssembliesLoaded (0ms)
			ExecutionOrderSort2 (0ms)
			AwakeInstancesAfterBackupRestoration (8ms)
Platform modules already initialized, skipping
Refreshing native plugins compatible for Editor in 0.44 ms, found 2 plugins.
Preloading 0 native plugins for Editor in 0.00 ms.
Unloading 1548 Unused Serialized files (Serialized files now loaded: 0)
System memory in use before: 81.4 MB.
System memory in use after: 81.5 MB.

Unloading 15 unused Assets to reduce memory usage. Loaded Objects now: 2064.
Total: 2.558700 ms (FindLiveObjects: 0.179200 ms CreateObjectMapping: 0.054900 ms MarkObjects: 2.266800 ms  DeleteObjects: 0.056600 ms)

AssetImportParameters requested are different than current active one (requested -> active):
  custom:framework-win-MediaFoundation: 216162199b28c13a410421893ffa2e32 -> 
  custom:video-decoder-ogg-theora: a1e56fd34408186e4bbccfd4996cb3dc -> 
  custom:container-muxer-webm: aa71ff27fc2769a1b78a27578f13a17b -> 
  custom:container-demuxer-webm: 4f35f7cbe854078d1ac9338744f61a02 -> 
  custom:container-demuxer-ogg: 62fdf1f143b41e24485cea50d1cbac27 -> 
  custom:video-encoder-webm-vp8: eb34c28f22e8b96e1ab97ce403110664 -> 
  custom:video-decoder-webm-vp8: 9c59270c3fd7afecdb556c50c9e8de78 -> 
  custom:audio-decoder-ogg-vorbis: bf7c407c2cedff20999df2af8eb42d56 -> 
  custom:audio-encoder-webm-vorbis: bf7c407c2cedff20999df2af8eb42d56 -> 
========================================================================
Received Import Request.
  Time since last request: 127.908276 seconds.
  path: Assets/Materials/Opaque2.mat
  artifactKey: Guid(ab7cce6b5686c6249a6b28618aa59f2d) Importer(815301076,1909f56bfc062723c751e8b465ee728b)
Start importing Assets/Materials/Opaque2.mat using Guid(ab7cce6b5686c6249a6b28618aa59f2d) Importer(815301076,1909f56bfc062723c751e8b465ee728b)  -> (artifact id: '0c37a1e3987060cf363b40f4869b320e') in 0.080027 seconds 
  Import took 0.085648 seconds .

========================================================================
Received Prepare
Registering precompiled user dll's ...
Registered in 0.005418 seconds.
Begin MonoManager ReloadAssembly
Native extension for WindowsStandalone target not found
Refreshing native plugins compatible for Editor in 0.41 ms, found 2 plugins.
Preloading 0 native plugins for Editor in 0.00 ms.
Mono: successfully reloaded assembly
- Completed reload, in  1.322 seconds
Domain Reload Profiling:
	ReloadAssembly (1323ms)
		BeginReloadAssembly (115ms)
			ExecutionOrderSort (0ms)
			DisableScriptedObjects (6ms)
			BackupInstance (0ms)
			ReleaseScriptingObjects (0ms)
			CreateAndSetChildDomain (31ms)
		EndReloadAssembly (1141ms)
			LoadAssemblies (95ms)
			RebuildTransferFunctionScriptingTraits (0ms)
			SetupTypeCache (281ms)
			ReleaseScriptCaches (1ms)
			RebuildScriptCaches (51ms)
			SetupLoadedEditorAssemblies (547ms)
				LogAssemblyErrors (0ms)
				InitializePlatformSupportModulesInManaged (7ms)
				SetLoadedEditorAssemblies (1ms)
				RefreshPlugins (0ms)
				BeforeProcessingInitializeOnLoad (144ms)
				ProcessInitializeOnLoadAttributes (381ms)
				ProcessInitializeOnLoadMethodAttributes (4ms)
				AfterProcessingInitializeOnLoad (8ms)
				EditorAssembliesLoaded (0ms)
			ExecutionOrderSort2 (0ms)
			AwakeInstancesAfterBackupRestoration (7ms)
Platform modules already initialized, skipping
Refreshing native plugins compatible for Editor in 0.39 ms, found 2 plugins.
Preloading 0 native plugins for Editor in 0.00 ms.
Unloading 1548 Unused Serialized files (Serialized files now loaded: 0)
System memory in use before: 81.4 MB.
System memory in use after: 81.5 MB.

Unloading 15 unused Assets to reduce memory usage. Loaded Objects now: 2068.
Total: 3.483500 ms (FindLiveObjects: 0.161000 ms CreateObjectMapping: 0.042300 ms MarkObjects: 3.161300 ms  DeleteObjects: 0.117700 ms)

AssetImportParameters requested are different than current active one (requested -> active):
  custom:framework-win-MediaFoundation: 216162199b28c13a410421893ffa2e32 -> 
  custom:video-decoder-ogg-theora: a1e56fd34408186e4bbccfd4996cb3dc -> 
  custom:container-muxer-webm: aa71ff27fc2769a1b78a27578f13a17b -> 
  custom:container-demuxer-webm: 4f35f7cbe854078d1ac9338744f61a02 -> 
  custom:container-demuxer-ogg: 62fdf1f143b41e24485cea50d1cbac27 -> 
  custom:video-encoder-webm-vp8: eb34c28f22e8b96e1ab97ce403110664 -> 
  custom:video-decoder-webm-vp8: 9c59270c3fd7afecdb556c50c9e8de78 -> 
  custom:audio-decoder-ogg-vorbis: bf7c407c2cedff20999df2af8eb42d56 -> 
  custom:audio-encoder-webm-vorbis: bf7c407c2cedff20999df2af8eb42d56 -> 
========================================================================
Received Import Request.
  Time since last request: 745.705732 seconds.
  path: Assets/Materials/White.mat
  artifactKey: Guid(b71088c8bc09e8940bd97b17fa8b4aea) Importer(815301076,1909f56bfc062723c751e8b465ee728b)
Start importing Assets/Materials/White.mat using Guid(b71088c8bc09e8940bd97b17fa8b4aea) Importer(815301076,1909f56bfc062723c751e8b465ee728b)  -> (artifact id: '6efa070545837f0efc021844ed516dcb') in 0.076893 seconds 
  Import took 0.082941 seconds .

========================================================================
Received Prepare
Registering precompiled user dll's ...
Registered in 0.006522 seconds.
Begin MonoManager ReloadAssembly
Native extension for WindowsStandalone target not found
Refreshing native plugins compatible for Editor in 0.48 ms, found 2 plugins.
Preloading 0 native plugins for Editor in 0.00 ms.
Mono: successfully reloaded assembly
- Completed reload, in  1.528 seconds
Domain Reload Profiling:
	ReloadAssembly (1528ms)
		BeginReloadAssembly (141ms)
			ExecutionOrderSort (0ms)
			DisableScriptedObjects (4ms)
			BackupInstance (0ms)
			ReleaseScriptingObjects (0ms)
			CreateAndSetChildDomain (33ms)
		EndReloadAssembly (1308ms)
			LoadAssemblies (134ms)
			RebuildTransferFunctionScriptingTraits (0ms)
			SetupTypeCache (377ms)
			ReleaseScriptCaches (1ms)
			RebuildScriptCaches (68ms)
			SetupLoadedEditorAssemblies (548ms)
				LogAssemblyErrors (0ms)
				InitializePlatformSupportModulesInManaged (10ms)
				SetLoadedEditorAssemblies (1ms)
				RefreshPlugins (1ms)
				BeforeProcessingInitializeOnLoad (195ms)
				ProcessInitializeOnLoadAttributes (325ms)
				ProcessInitializeOnLoadMethodAttributes (5ms)
				AfterProcessingInitializeOnLoad (12ms)
				EditorAssembliesLoaded (0ms)
			ExecutionOrderSort2 (0ms)
			AwakeInstancesAfterBackupRestoration (9ms)
Platform modules already initialized, skipping
Refreshing native plugins compatible for Editor in 0.41 ms, found 2 plugins.
Preloading 0 native plugins for Editor in 0.00 ms.
Unloading 1548 Unused Serialized files (Serialized files now loaded: 0)
System memory in use before: 81.4 MB.
System memory in use after: 81.5 MB.

Unloading 15 unused Assets to reduce memory usage. Loaded Objects now: 2072.
Total: 2.816400 ms (FindLiveObjects: 0.186700 ms CreateObjectMapping: 0.055400 ms MarkObjects: 2.512500 ms  DeleteObjects: 0.060600 ms)

AssetImportParameters requested are different than current active one (requested -> active):
  custom:framework-win-MediaFoundation: 216162199b28c13a410421893ffa2e32 -> 
  custom:video-decoder-ogg-theora: a1e56fd34408186e4bbccfd4996cb3dc -> 
  custom:container-muxer-webm: aa71ff27fc2769a1b78a27578f13a17b -> 
  custom:container-demuxer-webm: 4f35f7cbe854078d1ac9338744f61a02 -> 
  custom:container-demuxer-ogg: 62fdf1f143b41e24485cea50d1cbac27 -> 
  custom:video-encoder-webm-vp8: eb34c28f22e8b96e1ab97ce403110664 -> 
  custom:video-decoder-webm-vp8: 9c59270c3fd7afecdb556c50c9e8de78 -> 
  custom:audio-decoder-ogg-vorbis: bf7c407c2cedff20999df2af8eb42d56 -> 
  custom:audio-encoder-webm-vorbis: bf7c407c2cedff20999df2af8eb42d56 -> 
========================================================================
Received Prepare
Registering precompiled user dll's ...
Registered in 0.007632 seconds.
Begin MonoManager ReloadAssembly
Native extension for WindowsStandalone target not found
Refreshing native plugins compatible for Editor in 0.43 ms, found 2 plugins.
Preloading 0 native plugins for Editor in 0.00 ms.
Mono: successfully reloaded assembly
- Completed reload, in  1.254 seconds
Domain Reload Profiling:
	ReloadAssembly (1255ms)
		BeginReloadAssembly (145ms)
			ExecutionOrderSort (0ms)
			DisableScriptedObjects (7ms)
			BackupInstance (0ms)
			ReleaseScriptingObjects (0ms)
			CreateAndSetChildDomain (37ms)
		EndReloadAssembly (1024ms)
			LoadAssemblies (123ms)
			RebuildTransferFunctionScriptingTraits (0ms)
			SetupTypeCache (351ms)
			ReleaseScriptCaches (1ms)
			RebuildScriptCaches (50ms)
			SetupLoadedEditorAssemblies (382ms)
				LogAssemblyErrors (0ms)
				InitializePlatformSupportModulesInManaged (7ms)
				SetLoadedEditorAssemblies (1ms)
				RefreshPlugins (1ms)
				BeforeProcessingInitializeOnLoad (113ms)
				ProcessInitializeOnLoadAttributes (245ms)
				ProcessInitializeOnLoadMethodAttributes (5ms)
				AfterProcessingInitializeOnLoad (10ms)
				EditorAssembliesLoaded (0ms)
			ExecutionOrderSort2 (0ms)
			AwakeInstancesAfterBackupRestoration (7ms)
Platform modules already initialized, skipping
Refreshing native plugins compatible for Editor in 0.39 ms, found 2 plugins.
Preloading 0 native plugins for Editor in 0.00 ms.
Unloading 1548 Unused Serialized files (Serialized files now loaded: 0)
System memory in use before: 81.5 MB.
System memory in use after: 81.5 MB.

Unloading 15 unused Assets to reduce memory usage. Loaded Objects now: 2075.
Total: 2.670100 ms (FindLiveObjects: 0.219200 ms CreateObjectMapping: 0.061100 ms MarkObjects: 2.307700 ms  DeleteObjects: 0.080600 ms)

AssetImportParameters requested are different than current active one (requested -> active):
  custom:framework-win-MediaFoundation: 216162199b28c13a410421893ffa2e32 -> 
  custom:video-decoder-ogg-theora: a1e56fd34408186e4bbccfd4996cb3dc -> 
  custom:container-muxer-webm: aa71ff27fc2769a1b78a27578f13a17b -> 
  custom:container-demuxer-webm: 4f35f7cbe854078d1ac9338744f61a02 -> 
  custom:container-demuxer-ogg: 62fdf1f143b41e24485cea50d1cbac27 -> 
  custom:video-encoder-webm-vp8: eb34c28f22e8b96e1ab97ce403110664 -> 
  custom:video-decoder-webm-vp8: 9c59270c3fd7afecdb556c50c9e8de78 -> 
  custom:audio-decoder-ogg-vorbis: bf7c407c2cedff20999df2af8eb42d56 -> 
  custom:audio-encoder-webm-vorbis: bf7c407c2cedff20999df2af8eb42d56 -> 
========================================================================
Received Prepare
Registering precompiled user dll's ...
Registered in 0.006297 seconds.
Begin MonoManager ReloadAssembly
Native extension for WindowsStandalone target not found
Refreshing native plugins compatible for Editor in 0.37 ms, found 2 plugins.
Preloading 0 native plugins for Editor in 0.00 ms.
Mono: successfully reloaded assembly
- Completed reload, in  1.130 seconds
Domain Reload Profiling:
	ReloadAssembly (1130ms)
		BeginReloadAssembly (116ms)
			ExecutionOrderSort (0ms)
			DisableScriptedObjects (5ms)
			BackupInstance (0ms)
			ReleaseScriptingObjects (0ms)
			CreateAndSetChildDomain (39ms)
		EndReloadAssembly (950ms)
			LoadAssemblies (87ms)
			RebuildTransferFunctionScriptingTraits (0ms)
			SetupTypeCache (293ms)
			ReleaseScriptCaches (1ms)
			RebuildScriptCaches (52ms)
			SetupLoadedEditorAssemblies (397ms)
				LogAssemblyErrors (0ms)
				InitializePlatformSupportModulesInManaged (5ms)
				SetLoadedEditorAssemblies (0ms)
				RefreshPlugins (0ms)
				BeforeProcessingInitializeOnLoad (87ms)
				ProcessInitializeOnLoadAttributes (287ms)
				ProcessInitializeOnLoadMethodAttributes (6ms)
				AfterProcessingInitializeOnLoad (10ms)
				EditorAssembliesLoaded (0ms)
			ExecutionOrderSort2 (0ms)
			AwakeInstancesAfterBackupRestoration (9ms)
Platform modules already initialized, skipping
Refreshing native plugins compatible for Editor in 0.37 ms, found 2 plugins.
Preloading 0 native plugins for Editor in 0.00 ms.
Unloading 1548 Unused Serialized files (Serialized files now loaded: 0)
System memory in use before: 81.5 MB.
System memory in use after: 81.5 MB.

Unloading 15 unused Assets to reduce memory usage. Loaded Objects now: 2078.
Total: 2.376400 ms (FindLiveObjects: 0.173000 ms CreateObjectMapping: 0.047800 ms MarkObjects: 2.100400 ms  DeleteObjects: 0.054300 ms)

AssetImportParameters requested are different than current active one (requested -> active):
  custom:framework-win-MediaFoundation: 216162199b28c13a410421893ffa2e32 -> 
  custom:video-decoder-ogg-theora: a1e56fd34408186e4bbccfd4996cb3dc -> 
  custom:container-muxer-webm: aa71ff27fc2769a1b78a27578f13a17b -> 
  custom:container-demuxer-webm: 4f35f7cbe854078d1ac9338744f61a02 -> 
  custom:container-demuxer-ogg: 62fdf1f143b41e24485cea50d1cbac27 -> 
  custom:video-encoder-webm-vp8: eb34c28f22e8b96e1ab97ce403110664 -> 
  custom:video-decoder-webm-vp8: 9c59270c3fd7afecdb556c50c9e8de78 -> 
  custom:audio-decoder-ogg-vorbis: bf7c407c2cedff20999df2af8eb42d56 -> 
  custom:audio-encoder-webm-vorbis: bf7c407c2cedff20999df2af8eb42d56 -> 
========================================================================
Received Prepare
Registering precompiled user dll's ...
Registered in 0.006600 seconds.
Begin MonoManager ReloadAssembly
Native extension for WindowsStandalone target not found
Refreshing native plugins compatible for Editor in 0.40 ms, found 2 plugins.
Preloading 0 native plugins for Editor in 0.00 ms.
Mono: successfully reloaded assembly
- Completed reload, in  1.362 seconds
Domain Reload Profiling:
	ReloadAssembly (1362ms)
		BeginReloadAssembly (143ms)
			ExecutionOrderSort (0ms)
			DisableScriptedObjects (5ms)
			BackupInstance (0ms)
			ReleaseScriptingObjects (0ms)
			CreateAndSetChildDomain (37ms)
		EndReloadAssembly (1106ms)
			LoadAssemblies (164ms)
			RebuildTransferFunctionScriptingTraits (0ms)
			SetupTypeCache (402ms)
			ReleaseScriptCaches (1ms)
			RebuildScriptCaches (57ms)
			SetupLoadedEditorAssemblies (378ms)
				LogAssemblyErrors (0ms)
				InitializePlatformSupportModulesInManaged (6ms)
				SetLoadedEditorAssemblies (1ms)
				RefreshPlugins (0ms)
				BeforeProcessingInitializeOnLoad (106ms)
				ProcessInitializeOnLoadAttributes (247ms)
				ProcessInitializeOnLoadMethodAttributes (7ms)
				AfterProcessingInitializeOnLoad (10ms)
				EditorAssembliesLoaded (0ms)
			ExecutionOrderSort2 (0ms)
			AwakeInstancesAfterBackupRestoration (7ms)
Platform modules already initialized, skipping
Refreshing native plugins compatible for Editor in 0.38 ms, found 2 plugins.
Preloading 0 native plugins for Editor in 0.00 ms.
Unloading 1548 Unused Serialized files (Serialized files now loaded: 0)
System memory in use before: 81.5 MB.
System memory in use after: 81.6 MB.

Unloading 15 unused Assets to reduce memory usage. Loaded Objects now: 2081.
Total: 2.310900 ms (FindLiveObjects: 0.173300 ms CreateObjectMapping: 0.051700 ms MarkObjects: 2.026700 ms  DeleteObjects: 0.057600 ms)

AssetImportParameters requested are different than current active one (requested -> active):
  custom:framework-win-MediaFoundation: 216162199b28c13a410421893ffa2e32 -> 
  custom:video-decoder-ogg-theora: a1e56fd34408186e4bbccfd4996cb3dc -> 
  custom:container-muxer-webm: aa71ff27fc2769a1b78a27578f13a17b -> 
  custom:container-demuxer-webm: 4f35f7cbe854078d1ac9338744f61a02 -> 
  custom:container-demuxer-ogg: 62fdf1f143b41e24485cea50d1cbac27 -> 
  custom:video-encoder-webm-vp8: eb34c28f22e8b96e1ab97ce403110664 -> 
  custom:video-decoder-webm-vp8: 9c59270c3fd7afecdb556c50c9e8de78 -> 
  custom:audio-decoder-ogg-vorbis: bf7c407c2cedff20999df2af8eb42d56 -> 
  custom:audio-encoder-webm-vorbis: bf7c407c2cedff20999df2af8eb42d56 -> 
========================================================================
Received Import Request.
  Time since last request: 956.397883 seconds.
  path: Assets/Scenes/Desafio 8/LightingData.asset
  artifactKey: Guid(dc223fb7f5a120d4198821dc752d38f5) Importer(815301076,1909f56bfc062723c751e8b465ee728b)
Start importing Assets/Scenes/Desafio 8/LightingData.asset using Guid(dc223fb7f5a120d4198821dc752d38f5) Importer(815301076,1909f56bfc062723c751e8b465ee728b)  -> (artifact id: '20627ecf094f5cda68ff9644e64c6c34') in 0.034474 seconds 
  Import took 0.041962 seconds .

========================================================================
Received Import Request.
  Time since last request: 0.000285 seconds.
  path: Assets/Scenes/Desafio 8/ReflectionProbe-0.exr
  artifactKey: Guid(1520e5a8021a3d44bb6a1dd9781904a2) Importer(815301076,1909f56bfc062723c751e8b465ee728b)
Start importing Assets/Scenes/Desafio 8/ReflectionProbe-0.exr using Guid(1520e5a8021a3d44bb6a1dd9781904a2) Importer(815301076,1909f56bfc062723c751e8b465ee728b)  -> (artifact id: '81ab9933ce9af725f6caa702b644a719') in 0.118458 seconds 
  Import took 0.126530 seconds .

========================================================================
Received Import Request.
  Time since last request: 0.000394 seconds.
  path: Assets/Scenes/Desafio 8/LightingData.asset
  artifactKey: Guid(dc223fb7f5a120d4198821dc752d38f5) Importer(815301076,1909f56bfc062723c751e8b465ee728b)
Start importing Assets/Scenes/Desafio 8/LightingData.asset using Guid(dc223fb7f5a120d4198821dc752d38f5) Importer(815301076,1909f56bfc062723c751e8b465ee728b)  -> (artifact id: '20627ecf094f5cda68ff9644e64c6c34') in 0.007674 seconds 
  Import took 0.016694 seconds .

========================================================================
Received Import Request.
  Time since last request: 0.000249 seconds.
  path: Assets/Scenes/Desafio 8/ReflectionProbe-0.exr
  artifactKey: Guid(1520e5a8021a3d44bb6a1dd9781904a2) Importer(815301076,1909f56bfc062723c751e8b465ee728b)
Start importing Assets/Scenes/Desafio 8/ReflectionProbe-0.exr using Guid(1520e5a8021a3d44bb6a1dd9781904a2) Importer(815301076,1909f56bfc062723c751e8b465ee728b)  -> (artifact id: '81ab9933ce9af725f6caa702b644a719') in 0.028010 seconds 
  Import took 0.035987 seconds .

========================================================================
Received Import Request.
  Time since last request: 97.242643 seconds.
  path: Assets/Scenes/Desafio 8.unity
  artifactKey: Guid(9670e118be693384eae0322deb1d510a) Importer(815301076,1909f56bfc062723c751e8b465ee728b)
Start importing Assets/Scenes/Desafio 8.unity using Guid(9670e118be693384eae0322deb1d510a) Importer(815301076,1909f56bfc062723c751e8b465ee728b)  -> (artifact id: 'e517ed4e5e461a6510d6fecef81d8ee9') in 0.009377 seconds 
  Import took 0.016398 seconds .

========================================================================
Received Import Request.
  Time since last request: 75.824193 seconds.
  path: Assets/Scenes/Desafio 8.unity
  artifactKey: Guid(9670e118be693384eae0322deb1d510a) Importer(815301076,1909f56bfc062723c751e8b465ee728b)
Start importing Assets/Scenes/Desafio 8.unity using Guid(9670e118be693384eae0322deb1d510a) Importer(815301076,1909f56bfc062723c751e8b465ee728b)  -> (artifact id: 'baa12d02bd1957f443bcbdd8f55f053c') in 0.008180 seconds 
  Import took 0.014592 seconds .

========================================================================
Received Prepare
Registering precompiled user dll's ...
Registered in 0.005674 seconds.
Begin MonoManager ReloadAssembly
Native extension for WindowsStandalone target not found
Refreshing native plugins compatible for Editor in 0.45 ms, found 2 plugins.
Preloading 0 native plugins for Editor in 0.00 ms.
Mono: successfully reloaded assembly
- Completed reload, in  1.304 seconds
Domain Reload Profiling:
	ReloadAssembly (1305ms)
		BeginReloadAssembly (150ms)
			ExecutionOrderSort (0ms)
			DisableScriptedObjects (5ms)
			BackupInstance (0ms)
			ReleaseScriptingObjects (0ms)
			CreateAndSetChildDomain (48ms)
		EndReloadAssembly (1075ms)
			LoadAssemblies (113ms)
			RebuildTransferFunctionScriptingTraits (0ms)
			SetupTypeCache (338ms)
			ReleaseScriptCaches (1ms)
			RebuildScriptCaches (70ms)
			SetupLoadedEditorAssemblies (401ms)
				LogAssemblyErrors (0ms)
				InitializePlatformSupportModulesInManaged (6ms)
				SetLoadedEditorAssemblies (1ms)
				RefreshPlugins (1ms)
				BeforeProcessingInitializeOnLoad (111ms)
				ProcessInitializeOnLoadAttributes (266ms)
				ProcessInitializeOnLoadMethodAttributes (5ms)
				AfterProcessingInitializeOnLoad (11ms)
				EditorAssembliesLoaded (1ms)
			ExecutionOrderSort2 (0ms)
			AwakeInstancesAfterBackupRestoration (12ms)
Platform modules already initialized, skipping
Refreshing native plugins compatible for Editor in 0.43 ms, found 2 plugins.
Preloading 0 native plugins for Editor in 0.00 ms.
Unloading 1548 Unused Serialized files (Serialized files now loaded: 0)
System memory in use before: 81.5 MB.
System memory in use after: 81.6 MB.

Unloading 15 unused Assets to reduce memory usage. Loaded Objects now: 2087.
Total: 2.749000 ms (FindLiveObjects: 0.191000 ms CreateObjectMapping: 0.059900 ms MarkObjects: 2.429600 ms  DeleteObjects: 0.067200 ms)

AssetImportParameters requested are different than current active one (requested -> active):
  custom:framework-win-MediaFoundation: 216162199b28c13a410421893ffa2e32 -> 
  custom:video-decoder-ogg-theora: a1e56fd34408186e4bbccfd4996cb3dc -> 
  custom:container-muxer-webm: aa71ff27fc2769a1b78a27578f13a17b -> 
  custom:container-demuxer-webm: 4f35f7cbe854078d1ac9338744f61a02 -> 
  custom:container-demuxer-ogg: 62fdf1f143b41e24485cea50d1cbac27 -> 
  custom:video-encoder-webm-vp8: eb34c28f22e8b96e1ab97ce403110664 -> 
  custom:video-decoder-webm-vp8: 9c59270c3fd7afecdb556c50c9e8de78 -> 
  custom:audio-decoder-ogg-vorbis: bf7c407c2cedff20999df2af8eb42d56 -> 
  custom:audio-encoder-webm-vorbis: bf7c407c2cedff20999df2af8eb42d56 -> 
AssetImportWorkerClient::OnTransportError - code=2 error=End of file
